<?xml version="1.0" encoding="UTF-8"?>
<testsuites name="jest tests" tests="8" failures="8" errors="0" time="20.474">
  <testsuite name="GameShell Architecture E2E Tests" errors="0" failures="8" skipped="0" timestamp="2025-08-10T21:42:51" time="20.427" tests="8">
    <testcase classname="GameShell Architecture E2E Tests" name="GameShell properly initializes GameModule with player data" time="0.604">
      <failure>Error: expect(received).toBe(expected) // Object.is equality

Expected: true
Received: undefined
    at Object.toBe (/Users/emilycogsdill/Documents/GitHub/games/tests/e2e/game-shell-architecture.test.js:72:49)</failure>
    </testcase>
    <testcase classname="GameShell Architecture E2E Tests" name="Player state updates propagate from GameShell to GameModule" time="0.192">
      <failure>Error: Node is either not clickable or not an Element
    at CdpElementHandle.clickablePoint (/Users/emilycogsdill/Documents/GitHub/games/node_modules/puppeteer-core/src/api/ElementHandle.ts:736:13)
    at CdpElementHandle.&lt;anonymous&gt; (/Users/emilycogsdill/Documents/GitHub/games/node_modules/puppeteer-core/src/api/ElementHandle.ts:137:14)
    at CdpElementHandle.click (/Users/emilycogsdill/Documents/GitHub/games/node_modules/puppeteer-core/src/api/ElementHandle.ts:775:20)
    at CdpElementHandle.&lt;anonymous&gt; (/Users/emilycogsdill/Documents/GitHub/games/node_modules/puppeteer-core/src/api/ElementHandle.ts:147:20)
    at CdpFrame.click (/Users/emilycogsdill/Documents/GitHub/games/node_modules/puppeteer-core/src/api/Frame.ts:1070:5)
    at Object.&lt;anonymous&gt; (/Users/emilycogsdill/Documents/GitHub/games/tests/e2e/game-shell-architecture.test.js:89:13)</failure>
    </testcase>
    <testcase classname="GameShell Architecture E2E Tests" name="WebSocket message handling routes correctly to GameModule" time="1.192">
      <failure>Error: expect(received).toBeDefined()

Received: undefined
    at Object.toBeDefined (/Users/emilycogsdill/Documents/GitHub/games/tests/e2e/game-shell-architecture.test.js:155:33)</failure>
    </testcase>
    <testcase classname="GameShell Architecture E2E Tests" name="GameModule cleanup prevents memory leaks on game end" time="0.906">
      <failure>Error: expect(received).toBe(expected) // Object.is equality

Expected: true
Received: undefined
    at Object.toBe (/Users/emilycogsdill/Documents/GitHub/games/tests/e2e/game-shell-architecture.test.js:203:45)</failure>
    </testcase>
    <testcase classname="GameShell Architecture E2E Tests" name="Error handling prevents crashes in GameModule communication" time="0.143">
      <failure>Error: expect(received).toBe(expected) // Object.is equality

Expected: true
Received: false
    at Object.toBe (/Users/emilycogsdill/Documents/GitHub/games/tests/e2e/game-shell-architecture.test.js:260:53)</failure>
    </testcase>
    <testcase classname="GameShell Architecture E2E Tests" name="Multiple game modules can coexist without interference" time="0.154">
      <failure>Error: Node is either not clickable or not an Element
    at CdpElementHandle.clickablePoint (/Users/emilycogsdill/Documents/GitHub/games/node_modules/puppeteer-core/src/api/ElementHandle.ts:736:13)
    at CdpElementHandle.&lt;anonymous&gt; (/Users/emilycogsdill/Documents/GitHub/games/node_modules/puppeteer-core/src/api/ElementHandle.ts:137:14)
    at CdpElementHandle.click (/Users/emilycogsdill/Documents/GitHub/games/node_modules/puppeteer-core/src/api/ElementHandle.ts:775:20)
    at CdpElementHandle.&lt;anonymous&gt; (/Users/emilycogsdill/Documents/GitHub/games/node_modules/puppeteer-core/src/api/ElementHandle.ts:147:20)
    at CdpFrame.click (/Users/emilycogsdill/Documents/GitHub/games/node_modules/puppeteer-core/src/api/Frame.ts:1070:5)
    at Object.&lt;anonymous&gt; (/Users/emilycogsdill/Documents/GitHub/games/tests/e2e/game-shell-architecture.test.js:297:9)</failure>
    </testcase>
    <testcase classname="WebSocket Message Flow Tests" name="toggle_checkbox message generates correct checkbox_toggled response" time="15.12">
      <failure>Error: thrown: &quot;Exceeded timeout of 15000 ms for a test.
Add a timeout value to this test to increase the timeout, if this is a long-running test. See https://jestjs.io/docs/api#testname-fn-timeout.&quot;
    at test (/Users/emilycogsdill/Documents/GitHub/games/tests/e2e/game-shell-architecture.test.js:349:5)
    at _dispatchDescribe (/Users/emilycogsdill/Documents/GitHub/games/node_modules/jest-circus/build/jestAdapterInit.js:604:26)
    at describe (/Users/emilycogsdill/Documents/GitHub/games/node_modules/jest-circus/build/jestAdapterInit.js:572:44)
    at Object.describe (/Users/emilycogsdill/Documents/GitHub/games/tests/e2e/game-shell-architecture.test.js:323:1)
    at Runtime._execModule (/Users/emilycogsdill/Documents/GitHub/games/node_modules/jest-runtime/build/index.js:1266:24)
    at Runtime._loadModule (/Users/emilycogsdill/Documents/GitHub/games/node_modules/jest-runtime/build/index.js:942:12)
    at Runtime.requireModule (/Users/emilycogsdill/Documents/GitHub/games/node_modules/jest-runtime/build/index.js:830:12)
    at jestAdapter (/Users/emilycogsdill/Documents/GitHub/games/node_modules/jest-circus/build/runner.js:95:13)
    at runTestInternal (/Users/emilycogsdill/Documents/GitHub/games/node_modules/jest-runner/build/index.js:275:16)
    at runTest (/Users/emilycogsdill/Documents/GitHub/games/node_modules/jest-runner/build/index.js:343:7)</failure>
    </testcase>
    <testcase classname="WebSocket Message Flow Tests" name="message structure matches expected GameModule interface" time="0.312">
      <failure>Error: expect(received).toBe(expected) // Object.is equality

Expected: true
Received: undefined
    at Object.toBe (/Users/emilycogsdill/Documents/GitHub/games/tests/e2e/game-shell-architecture.test.js:481:36)</failure>
    </testcase>
  </testsuite>
</testsuites>